2021-02-19 14:24:20.403  INFO 19392 --- [restartedMain] c.s.StudentAppWithElkStackApplication    : Starting StudentAppWithElkStackApplication using Java 15.0.1 on DESKTOP-G2IGNDL with PID 19392 (C:\Users\Dharmik\Documents\workspace-springboot-elk-stack\student-app-with-ELK-Stack\target\classes started by Dharmik in C:\Users\Dharmik\Documents\workspace-springboot-elk-stack\student-app-with-ELK-Stack)
2021-02-19 14:24:20.406  INFO 19392 --- [restartedMain] c.s.StudentAppWithElkStackApplication    : No active profile set, falling back to default profiles: default
2021-02-19 14:24:20.474  INFO 19392 --- [restartedMain] .e.DevToolsPropertyDefaultsPostProcessor : Devtools property defaults active! Set 'spring.devtools.add-properties' to 'false' to disable
2021-02-19 14:24:20.477  INFO 19392 --- [restartedMain] .e.DevToolsPropertyDefaultsPostProcessor : For additional web related logging consider setting the 'logging.level.web' property to 'DEBUG'
2021-02-19 14:24:21.140  INFO 19392 --- [restartedMain] .s.d.r.c.RepositoryConfigurationDelegate : Bootstrapping Spring Data Neo4j repositories in DEFAULT mode.
2021-02-19 14:24:21.192  INFO 19392 --- [restartedMain] .s.d.r.c.RepositoryConfigurationDelegate : Finished Spring Data repository scanning in 46 ms. Found 1 Neo4j repository interfaces.
2021-02-19 14:24:21.880  INFO 19392 --- [restartedMain] o.s.b.w.embedded.tomcat.TomcatWebServer  : Tomcat initialized with port(s): 8080 (http)
2021-02-19 14:24:21.893  INFO 19392 --- [restartedMain] o.apache.catalina.core.StandardService   : Starting service [Tomcat]
2021-02-19 14:24:21.894  INFO 19392 --- [restartedMain] org.apache.catalina.core.StandardEngine  : Starting Servlet engine: [Apache Tomcat/9.0.41]
2021-02-19 14:24:21.991  INFO 19392 --- [restartedMain] o.a.c.c.C.[Tomcat].[localhost].[/]       : Initializing Spring embedded WebApplicationContext
2021-02-19 14:24:21.992  INFO 19392 --- [restartedMain] w.s.c.ServletWebServerApplicationContext : Root WebApplicationContext: initialization completed in 1514 ms
2021-02-19 14:24:22.302  INFO 19392 --- [restartedMain] org.neo4j.driver.Driver                  : Routing driver instance 1018507024 created for server address localhost:7687
2021-02-19 14:24:22.447  INFO 19392 --- [restartedMain] o.s.b.d.a.OptionalLiveReloadServer       : LiveReload server is running on port 35729
2021-02-19 14:24:22.685  INFO 19392 --- [restartedMain] o.s.s.concurrent.ThreadPoolTaskExecutor  : Initializing ExecutorService 'applicationTaskExecutor'
2021-02-19 14:24:22.909  INFO 19392 --- [restartedMain] o.s.b.w.embedded.tomcat.TomcatWebServer  : Tomcat started on port(s): 8080 (http) with context path ''
2021-02-19 14:24:22.916  INFO 19392 --- [restartedMain] c.s.StudentAppWithElkStackApplication    : Started StudentAppWithElkStackApplication in 2.922 seconds (JVM running for 3.47)
2021-02-19 14:24:33.712  INFO 19392 --- [http-nio-8080-exec-3] o.a.c.c.C.[Tomcat].[localhost].[/]       : Initializing Spring DispatcherServlet 'dispatcherServlet'
2021-02-19 14:24:33.713  INFO 19392 --- [http-nio-8080-exec-3] o.s.web.servlet.DispatcherServlet        : Initializing Servlet 'dispatcherServlet'
2021-02-19 14:24:33.717  INFO 19392 --- [http-nio-8080-exec-3] o.s.web.servlet.DispatcherServlet        : Completed initialization in 4 ms
2021-02-19 14:24:33.787  INFO 19392 --- [http-nio-8080-exec-3] c.s.r.StudentRestController              : Inside of getStudent function of STUDENT REST CONTROLLER trying to fetch student with ID: 0
2021-02-19 14:24:33.790  INFO 19392 --- [http-nio-8080-exec-3] com.student.service.StudentService       : Inside of getStudent function of STUDENT SERVICE CLASS trying to fetch student with ID: 0
2021-02-19 14:24:34.544  INFO 19392 --- [http-nio-8080-exec-3] c.s.r.StudentRestController              : Student found with ID: Student [studentId=0, studentName=Dharmik Jayesh Joshi]
2021-02-19 14:24:36.078  INFO 19392 --- [http-nio-8080-exec-4] c.s.r.StudentRestController              : Inside of getStudent function of STUDENT REST CONTROLLER trying to fetch student with ID: 1
2021-02-19 14:24:36.078  INFO 19392 --- [http-nio-8080-exec-4] com.student.service.StudentService       : Inside of getStudent function of STUDENT SERVICE CLASS trying to fetch student with ID: 1
2021-02-19 14:24:36.109  INFO 19392 --- [http-nio-8080-exec-4] c.s.r.StudentRestController              : Student found with ID: Student [studentId=1, studentName=Dharmik J Joshi]
2021-02-19 14:24:38.089  INFO 19392 --- [http-nio-8080-exec-5] c.s.r.StudentRestController              : Inside of getStudent function of STUDENT REST CONTROLLER trying to fetch student with ID: 2
2021-02-19 14:24:38.090  INFO 19392 --- [http-nio-8080-exec-5] com.student.service.StudentService       : Inside of getStudent function of STUDENT SERVICE CLASS trying to fetch student with ID: 2
2021-02-19 14:24:38.116  INFO 19392 --- [http-nio-8080-exec-5] c.s.r.StudentRestController              : Student found with ID: Student [studentId=2, studentName=danielle rose russell]
